<?xml version="1.0" encoding="UTF-8"?>
<testsuite xmlns:xsi="http://www.w3.org/2001/XMLSchema-instance" xsi:noNamespaceSchemaLocation="https://maven.apache.org/surefire/maven-surefire-plugin/xsd/surefire-test-report-3.0.xsd" version="3.0" name="JuegoTest" time="0.064" tests="2" errors="0" skipped="0" failures="0">
  <properties>
[...]
</properties>
  <testcase name="contrincanteTest" classname="JuegoTest" time="0.038">
    <system-out><![CDATA[			Tu oponente es Saruman
]]></system-out>
  </testcase>
  <testcase name="contrincanteTest2" classname="JuegoTest" time="0.003">
    <system-out><![CDATA[			Tu oponente es Gandalf
]]></system-out>
  </testcase>
</testsuite>